2025-05-20 01:44:28 [[32minfo[39m]: 	Server running on port 5003
2025-05-20 01:44:28 [[32minfo[39m]: 	MongoDB URI: mongodb+srv://harshking48211:GfAifO2UwS2NgRa4@cluster0.biz9e9u.mongodb.net/?retryWrites=true&w=majority&appName=Cluster0
2025-05-20 01:44:29 [[32minfo[39m]: 	Mongoose connected to DB
2025-05-20 01:44:29 [[32minfo[39m]: 	MongoDB Connected Successfully
2025-05-20 01:46:01 [[32minfo[39m]: 	Incoming Request: POST /api/contacts
2025-05-20 01:46:01 [[32minfo[39m]: 	Contact Route: POST /api/contacts
2025-05-20 01:46:01 [[32minfo[39m]: 	Creating new contact
{
  "body": {
    "name": "John Doe",
    "mobile": "1234567890",
    "address": "123 Main St"
  }
}
2025-05-20 01:46:01 [[32minfo[39m]: 	Attempting to save contact: John Doe
2025-05-20 01:46:01 [[32minfo[39m]: 	Contact saved successfully: John Doe
2025-05-20 01:46:01 [[32minfo[39m]: 	Contact created successfully
{
  "contact": {
    "name": "John Doe",
    "mobile": "1234567890",
    "address": "123 Main St",
    "_id": "682b9181dc186dd55a54d17e",
    "createdAt": "2025-05-19T20:16:01.169Z",
    "__v": 0
  }
}
2025-05-20 02:00:00 [[33mwarn[39m]: 	Mongoose disconnected from DB
2025-05-20 02:00:00 [[32minfo[39m]: 	Mongoose connected to DB
2025-05-20 02:02:10 [[32minfo[39m]: 	Server running on port 5003
2025-05-20 02:02:10 [[32minfo[39m]: 	MongoDB URI: mongodb+srv://harshking48211:GfAifO2UwS2NgRa4@cluster0.biz9e9u.mongodb.net/?retryWrites=true&w=majority&appName=Cluster0
2025-05-20 02:02:11 [[32minfo[39m]: 	Mongoose connected to DB
2025-05-20 02:02:11 [[32minfo[39m]: 	MongoDB Connected Successfully
2025-05-20 02:03:14 [[32minfo[39m]: 	Incoming Request: POST /api/contacts
2025-05-20 02:03:14 [[32minfo[39m]: 	Contact Route: POST /api/contacts
2025-05-20 02:03:14 [[32minfo[39m]: 	Creating new contact
{
  "body": {
    "name": "John Doe",
    "mobile": "1234567890",
    "address": "123 Main St"
  }
}
2025-05-20 02:03:14 [[32minfo[39m]: 	Attempting to save contact: John Doe
2025-05-20 02:03:14 [[32minfo[39m]: 	Contact saved successfully: John Doe
2025-05-20 02:03:14 [[32minfo[39m]: 	Contact created successfully
{
  "contact": {
    "name": "John Doe",
    "mobile": "1234567890",
    "address": "123 Main St",
    "_id": "682b958a6165f8b03f62bfbc",
    "createdAt": "2025-05-19T20:33:14.589Z",
    "__v": 0
  }
}
2025-05-20 02:07:02 [[32minfo[39m]: 	Incoming Request: GET /api/contacts
2025-05-20 02:07:02 [[32minfo[39m]: 	Contact Route: GET /api/contacts
2025-05-20 02:07:02 [[32minfo[39m]: 	Fetching all contacts
2025-05-20 02:07:02 [[32minfo[39m]: 	Found 2 contacts
2025-05-20 02:11:28 [[32minfo[39m]: 	Incoming Request: GET /api/contacts
2025-05-20 02:11:28 [[32minfo[39m]: 	Contact Route: GET /api/contacts
2025-05-20 02:11:28 [[32minfo[39m]: 	Fetching all contacts
2025-05-20 02:11:28 [[32minfo[39m]: 	Found 2 contacts
2025-05-20 02:13:27 [[32minfo[39m]: 	Incoming Request: GET /api/contacts
2025-05-20 02:13:27 [[32minfo[39m]: 	Contact Route: GET /api/contacts
2025-05-20 02:13:27 [[32minfo[39m]: 	Fetching all contacts
2025-05-20 02:13:27 [[32minfo[39m]: 	Found 2 contacts
2025-05-20 02:13:27 [[32minfo[39m]: 	Incoming Request: GET /api/contacts
2025-05-20 02:13:27 [[32minfo[39m]: 	Contact Route: GET /api/contacts
2025-05-20 02:13:27 [[32minfo[39m]: 	Fetching all contacts
2025-05-20 02:13:27 [[32minfo[39m]: 	Found 2 contacts
2025-05-20 02:13:27 [[32minfo[39m]: 	Incoming Request: GET /api/contacts
2025-05-20 02:13:27 [[32minfo[39m]: 	Contact Route: GET /api/contacts
2025-05-20 02:13:27 [[32minfo[39m]: 	Fetching all contacts
2025-05-20 02:13:27 [[32minfo[39m]: 	Found 2 contacts
2025-05-20 02:13:31 [[32minfo[39m]: 	Incoming Request: GET /api/contacts
2025-05-20 02:13:31 [[32minfo[39m]: 	Contact Route: GET /api/contacts
2025-05-20 02:13:31 [[32minfo[39m]: 	Fetching all contacts
2025-05-20 02:13:31 [[32minfo[39m]: 	Found 2 contacts
2025-05-20 02:13:31 [[32minfo[39m]: 	Incoming Request: GET /api/contacts
2025-05-20 02:13:31 [[32minfo[39m]: 	Contact Route: GET /api/contacts
2025-05-20 02:13:31 [[32minfo[39m]: 	Fetching all contacts
2025-05-20 02:13:31 [[32minfo[39m]: 	Found 2 contacts
2025-05-20 02:13:31 [[32minfo[39m]: 	Incoming Request: GET /api/contacts
2025-05-20 02:13:31 [[32minfo[39m]: 	Contact Route: GET /api/contacts
2025-05-20 02:13:31 [[32minfo[39m]: 	Fetching all contacts
2025-05-20 02:13:31 [[32minfo[39m]: 	Found 2 contacts
2025-05-20 02:14:12 [[32minfo[39m]: 	Incoming Request: GET /api/contacts
2025-05-20 02:14:12 [[32minfo[39m]: 	Contact Route: GET /api/contacts
2025-05-20 02:14:12 [[32minfo[39m]: 	Fetching all contacts
2025-05-20 02:14:13 [[32minfo[39m]: 	Found 2 contacts
2025-05-20 02:14:30 [[32minfo[39m]: 	Incoming Request: GET /api/contacts
2025-05-20 02:14:30 [[32minfo[39m]: 	Contact Route: GET /api/contacts
2025-05-20 02:14:30 [[32minfo[39m]: 	Fetching all contacts
2025-05-20 02:14:30 [[32minfo[39m]: 	Found 2 contacts
2025-05-20 02:18:16 [[32minfo[39m]: 	Server running on port 5003
2025-05-20 02:18:16 [[32minfo[39m]: 	MongoDB URI: mongodb+srv://harshking48211:GfAifO2UwS2NgRa4@cluster0.biz9e9u.mongodb.net/?retryWrites=true&w=majority&appName=Cluster0
2025-05-20 02:18:17 [[32minfo[39m]: 	Mongoose connected to DB
2025-05-20 02:18:17 [[32minfo[39m]: 	MongoDB Connected Successfully
2025-05-20 02:20:03 [[32minfo[39m]: 	Server running on port 5003
2025-05-20 02:20:03 [[32minfo[39m]: 	MongoDB URI: mongodb+srv://harshking48211:GfAifO2UwS2NgRa4@cluster0.biz9e9u.mongodb.net/?retryWrites=true&w=majority&appName=Cluster0
2025-05-20 02:20:04 [[32minfo[39m]: 	Mongoose connected to DB
2025-05-20 02:20:04 [[32minfo[39m]: 	MongoDB Connected Successfully
2025-05-20 02:20:12 [[32minfo[39m]: 	Incoming Request: GET /api/contacts
2025-05-20 02:20:12 [[32minfo[39m]: 	Contact Route: GET /api/contacts
2025-05-20 02:20:12 [[32minfo[39m]: 	Fetching all contacts
2025-05-20 02:20:12 [[32minfo[39m]: 	Found 2 contacts
2025-05-20 02:20:12 [[32minfo[39m]: 	Incoming Request: GET /api/contacts
2025-05-20 02:20:12 [[32minfo[39m]: 	Contact Route: GET /api/contacts
2025-05-20 02:20:12 [[32minfo[39m]: 	Fetching all contacts
2025-05-20 02:20:12 [[32minfo[39m]: 	Found 2 contacts
2025-06-02 23:00:45 [[32minfo[39m]: 	Server running on port 5003
2025-06-02 23:00:45 [[32minfo[39m]: 	MongoDB URI: mongodb+srv://harshking48211:GfAifO2UwS2NgRa4@cluster0.biz9e9u.mongodb.net/?retryWrites=true&w=majority&appName=Cluster0
2025-06-02 23:01:15 [[33mwarn[39m]: 	Mongoose disconnected from DB
2025-06-02 23:01:34 [[32minfo[39m]: 	Server running on port 5003
2025-06-02 23:01:34 [[32minfo[39m]: 	MongoDB URI: mongodb+srv://harshking48211:GfAifO2UwS2NgRa4@cluster0.biz9e9u.mongodb.net/?retryWrites=true&w=majority&appName=Cluster0
2025-06-02 23:01:48 [[32minfo[39m]: 	Incoming Request: GET /api/contacts
2025-06-02 23:01:48 [[32minfo[39m]: 	Contact Route: GET /api/contacts
2025-06-02 23:01:48 [[32minfo[39m]: 	Fetching all contacts
2025-06-02 23:01:58 [[31merror[39m]: 	Error fetching contacts
{
  "error": "Operation `contacts.find()` buffering timed out after 10000ms"
}
2025-06-02 23:02:01 [[32minfo[39m]: 	Incoming Request: POST /api/contacts
2025-06-02 23:02:01 [[32minfo[39m]: 	Contact Route: POST /api/contacts
2025-06-02 23:02:01 [[32minfo[39m]: 	Creating new contact
{
  "body": {
    "name": "Nishant",
    "mobile": "289347",
    "address": "123 Main St"
  }
}
2025-06-02 23:02:01 [[31merror[39m]: 	Error creating contact
{
  "error": "Contact validation failed: mobile: Please provide a valid 10-digit mobile number"
}
2025-06-02 23:02:02 [[32minfo[39m]: 	Incoming Request: POST /api/contacts
2025-06-02 23:02:02 [[32minfo[39m]: 	Contact Route: POST /api/contacts
2025-06-02 23:02:02 [[32minfo[39m]: 	Creating new contact
{
  "body": {
    "name": "Nishant",
    "mobile": "289347",
    "address": "123 Main St"
  }
}
2025-06-02 23:02:02 [[31merror[39m]: 	Error creating contact
{
  "error": "Contact validation failed: mobile: Please provide a valid 10-digit mobile number"
}
2025-06-02 23:02:04 [[33mwarn[39m]: 	Mongoose disconnected from DB
2025-06-02 23:15:04 [[32minfo[39m]: 	Server running on port 5003
2025-06-02 23:15:04 [[32minfo[39m]: 	MongoDB URI: mongodb+srv://harshking48211:GfAifO2UwS2NgRa4@cluster0.biz9e9u.mongodb.net/?retryWrites=true&w=majority&appName=Cluster0
2025-06-02 23:15:05 [[32minfo[39m]: 	Mongoose connected to DB
2025-06-02 23:15:05 [[32minfo[39m]: 	MongoDB Connected Successfully
2025-06-02 23:15:07 [[32minfo[39m]: 	Incoming Request: POST /api/contacts
2025-06-02 23:15:07 [[32minfo[39m]: 	Contact Route: POST /api/contacts
2025-06-02 23:15:07 [[32minfo[39m]: 	Creating new contact
{
  "body": {
    "name": "Nishant",
    "mobile": "9837501414",
    "address": "123 Main St"
  }
}
2025-06-02 23:15:07 [[32minfo[39m]: 	Attempting to save contact: Nishant
2025-06-02 23:15:07 [[32minfo[39m]: 	Contact saved successfully: Nishant
2025-06-02 23:15:07 [[32minfo[39m]: 	Contact created successfully
{
  "contact": {
    "name": "Nishant",
    "mobile": "9837501414",
    "address": "123 Main St",
    "_id": "683de323cdcaf9f0cc69c4b4",
    "createdAt": "2025-06-02T17:45:07.781Z",
    "__v": 0
  }
}
2025-06-02 23:15:11 [[32minfo[39m]: 	Incoming Request: GET /api/contacts
2025-06-02 23:15:11 [[32minfo[39m]: 	Contact Route: GET /api/contacts
2025-06-02 23:15:11 [[32minfo[39m]: 	Fetching all contacts
2025-06-02 23:15:12 [[32minfo[39m]: 	Found 3 contacts
2025-06-02 23:15:38 [[32minfo[39m]: 	Incoming Request: POST /api/packages
2025-06-02 23:15:38 [[32minfo[39m]: 	Package Route: POST /api/packages
2025-06-02 23:15:38 [[32minfo[39m]: 	Creating new package
{
  "body": {
    "title": "THAILAND",
    "tagline": "Love is in the air, and so is the scent of Thai food!",
    "duration": "03 NIGHT / 04 DAYS",
    "noOfAdults": 20,
    "travelDate": "28 JUL 2025",
    "flightDetails": {
      "airline": "AIR INDIA",
      "farePerPerson": "INR 27,000",
      "baggage": {
        "checkIn": "25 KG",
        "hand": "07 KG"
      },
      "flights": [
        {
          "flightNo": "AI – 2355",
          "origin": "DEL",
          "destination": "BKK",
          "departureDate": "28-JUL-2025",
          "departureTime": "08:25 HRS",
          "arrivalDate": "28-JUL-2025",
          "arrivalTime": "14:15 HRS"
        },
        {
          "flightNo": "AI – 2356",
          "origin": "BKK",
          "destination": "DEL",
          "departureDate": "31-JUL-2025",
          "departureTime": "15:15 HRS",
          "arrivalDate": "31-JUL-2025",
          "arrivalTime": "18:15 HRS"
        }
      ]
    },
    "hotelDetails": [
      {
        "name": "Mind Resort Pattaya / Golden Beach / The Season Pattaya",
        "city": "Pattaya",
        "checkIn": "28 JUL 2025",
        "checkOut": "30 JUL 2025"
      },
      {
        "name": "Season Siam Bangkok / Grand Alpine Bangkok",
        "city": "Bangkok",
        "checkIn": "30 JUL 2025",
        "checkOut": "31 JUL 2025"
      }
    ],
    "itinerary": [
      {
        "day": "Day 1",
        "title": "Arrival in Bangkok – Transfer to Pattaya | Alcazar Show",
        "details": [
          "Welcome to Thailand! Upon arrival at Bangkok Airport, meet our representative and proceed to Pattaya.",
          "Enroute enjoy a delicious lunch at a local Indian restaurant.",
          "Check-in to your hotel and relax.",
          "In the evening, witness the dazzling Alcazar Show – a world-famous cabaret performance.",
          "Dinner at an Indian restaurant.",
          "Overnight stay in Pattaya."
        ]
      },
      {
        "day": "Day 2",
        "title": "Coral Island Tour with National Park Fee",
        "details": [
          "Enjoy a hearty breakfast at the hotel.",
          "Head out for the Coral Island Tour by speedboat – explore the turquoise waters, indulge in water sports (optional), and soak up the sun.",
          "National Park fee is included.",
          "Relish a lunch served on the island or at a local restaurant.",
          "Return to the hotel and unwind.",
          "Dinner at an Indian restaurant.",
          "Overnight stay in Pattaya."
        ]
      },
      {
        "day": "Day 3",
        "title": "Pattaya to Bangkok | Gems Gallery, City & Temple Tour",
        "details": [
          "After breakfast, check-out and proceed to Bangkok.",
          "Visit the renowned Gems Gallery, followed by a guided city tour including the magnificent Golden Buddha Temple and Marble Temple.",
          "Enjoy a sumptuous lunch at an Indian restaurant.",
          "Check-in to your Bangkok hotel and relax.",
          "Dinner at an Indian restaurant.",
          "Overnight stay in Bangkok."
        ]
      },
      {
        "day": "Day 4",
        "title": "Departure from Bangkok",
        "details": [
          "Start your day with breakfast and some leisure time or last-minute shopping (if time permits).",
          "Enjoy a farewell lunch at an Indian restaurant.",
          "Transfer to Bangkok Airport for your departure flight with unforgettable memories."
        ]
      }
    ],
    "landPackageCost": "INR 16,400 per adult on twin sharing basis",
    "inclusions": [
      "Return Economy Class Airfare",
      "Accommodation with breakfast",
      "04 Lunch + 03 Dinner in Pattaya with transfers in local restaurants",
      "Alcazar shows on Private Basis",
      "Coral island tour with Lunch by Speed Boat on Private Basis",
      "Bangkok city Tour via Pattaya to Bangkok Marble & Golden Buddha with Gems Gallery PVT",
      "1 bottle of water per person per day",
      "All Transfers by Private Coach with Guide",
      "Applicable taxes for listed services"
    ],
    "exclusions": [
      "5% TCS",
      "Meals (other than mentioned in the program)",
      "Travel Insurance",
      "National Park Fees for Phi Phi and Krabi tours (to be paid directly)",
      "Thailand Visa on arrival",
      "Early check-in or late check-out",
      "Tips",
      "Additional transfer required due to any emergency situation",
      "Mineral water beyond that which is supplied",
      "Personal Insurance",
      "Optional excursions and activities",
      "Items of a personal nature (Phone calls, laundry, beverages, etc.)",
      "Peak season surcharges if any",
      "All not mentioned above"
    ],
    "notes": [
      "Arrival and departure transfers are based on that all passengers are arriving and departing by the same flight.",
      "If it is by separate flights supplements will be applicable.",
      "Tempo Traveler is a normal Passenger vehicle it’s not Luxury vehicle - if applicable",
      "The above rates are valid for Indian National only.",
      "All taxes, entrance fees, airfare etc if included are as on date. Any future hike will be charged extra.",
      "Hotel Check-in Time: 1400 hrs",
      "Hotel Check-out Time: 1100 hrs",
      "The above rates are valid for the given dates only.",
      "The above is only an offer and not confirmation of your bookings. We shall proceed with your booking once we have received the payment from you & if we are not able to get the original hotels, shall provide equivalent/ alternative hotels."
    ],
    "termsAndConditions": [
      "No refund will be made for any unused accommodation, missed meals, transportation segments, sightseeing tours or any other service.",
      "No refund shall be claimed, if the services & amenities of the hotel were not up to your expectations, it will be considered on a case-to-case basis.",
      "Final vouchers can only be issued once 4 Season Travels has received full payment.",
      "It is the responsibility of the tourists to check and hold valid travel documents like passport and Visa till the end of the tour.",
      "Room Allocation is usually done by the hotel at the time of check in. We cannot guarantee any specific view room.",
      "4 Season Travels will not be liable to any passenger for refund, compensation or claim for shortage of tour days or for cancellation, postponement or re-routing of any particular scheduled transport service due to any reasons including fog.",
      "Visa Facilitation: The company provides visa facilitation and under no circumstances be held responsible for visa delay or rejection.",
      "Although the company tries to ensure good service to all its guests, still we request you to notify us during the tour only if you are facing any difficulty to help us resolve it immediately."
    ],
    "cancellationPolicy": [
      "60 days or more to departure = 50 % of holiday cost.",
      "59 - 21 days to departure = 80 % of holiday cost.",
      "D-20 and below days to departure = 100% of holiday cost."
    ],
    "bookingConditions": [
      "30 days or more to departure = 70% of holiday cost",
      "30 - 21 days to departure = 90% of holiday cost",
      "D-20 and below days to departure = 100% of holiday cost",
      "Photocopies of the passport with validity of minimum 6 months from date of travel"
    ],
    "additionalNotes": [
      "All arrangements made by 4 Season Travels are in the capacity of a Travel Company only.",
      "This proposal supersedes all the proposals given till date.",
      "We are not holding any bookings as of now.",
      "We will request for all services once the group has been finalized with 4SeasonTravels.",
      "The proposal is valid till next 02 Working Days only."
    ]
  }
}
2025-06-02 23:15:38 [[32minfo[39m]: 	Package created successfully
{
  "id": "683de342cdcaf9f0cc69c4b7"
}
2025-06-02 23:19:53 [[32minfo[39m]: 	Server running on port 5003
2025-06-02 23:19:53 [[32minfo[39m]: 	MongoDB URI: mongodb+srv://harshking48211:GfAifO2UwS2NgRa4@cluster0.biz9e9u.mongodb.net/?retryWrites=true&w=majority&appName=Cluster0
2025-06-02 23:19:54 [[32minfo[39m]: 	Mongoose connected to DB
2025-06-02 23:19:54 [[32minfo[39m]: 	MongoDB Connected Successfully
2025-06-02 23:19:54 [[32minfo[39m]: 	Server running on port 5003
2025-06-02 23:19:54 [[32minfo[39m]: 	MongoDB URI: mongodb+srv://harshking48211:GfAifO2UwS2NgRa4@cluster0.biz9e9u.mongodb.net/?retryWrites=true&w=majority&appName=Cluster0
2025-06-02 23:19:55 [[32minfo[39m]: 	Mongoose connected to DB
2025-06-02 23:19:55 [[32minfo[39m]: 	MongoDB Connected Successfully
2025-06-02 23:20:08 [[32minfo[39m]: 	Incoming Request: GET /api/packages/665c1a3db7e9d7e91e29888f
2025-06-02 23:20:08 [[32minfo[39m]: 	Package Route: GET /api/packages/665c1a3db7e9d7e91e29888f
2025-06-02 23:20:16 [[32minfo[39m]: 	Incoming Request: GET /api/packages/683de342cdcaf9f0cc69c4b7
2025-06-02 23:20:16 [[32minfo[39m]: 	Package Route: GET /api/packages/683de342cdcaf9f0cc69c4b7
2025-06-02 23:33:31 [[32minfo[39m]: 	Incoming Request: GET /api/packages/683de342cdcaf9f0cc69c4b7
2025-06-02 23:33:31 [[32minfo[39m]: 	Package Route: GET /api/packages/683de342cdcaf9f0cc69c4b7
2025-06-02 23:45:12 [[32minfo[39m]: 	Incoming Request: POST /api/packages/683de342cdcaf9f0cc69c4b7
2025-06-02 23:45:12 [[32minfo[39m]: 	Package Route: POST /api/packages/683de342cdcaf9f0cc69c4b7
2025-06-02 23:45:13 [[32minfo[39m]: 	Incoming Request: POST /api/packages/683de342cdcaf9f0cc69c4b7
2025-06-02 23:45:13 [[32minfo[39m]: 	Package Route: POST /api/packages/683de342cdcaf9f0cc69c4b7
2025-06-02 23:45:14 [[32minfo[39m]: 	Incoming Request: POST /api/packages/683de342cdcaf9f0cc69c4b7
2025-06-02 23:45:14 [[32minfo[39m]: 	Package Route: POST /api/packages/683de342cdcaf9f0cc69c4b7
2025-06-02 23:45:18 [[32minfo[39m]: 	Incoming Request: POST /api/packages
2025-06-02 23:45:18 [[32minfo[39m]: 	Package Route: POST /api/packages
2025-06-02 23:45:18 [[32minfo[39m]: 	Creating new package
{
  "body": {
    "title": "Thailand Tour Package",
    "tagline": "Bangkok & Pattaya Highlights",
    "duration": "4 Days / 3 Nights",
    "noOfAdults": 2,
    "travelDate": "2025-06-15",
    "flightDetails": {
      "airline": "Air India",
      "farePerPerson": "₹26,500",
      "baggage": {
        "checkIn": "20kg",
        "hand": "7kg"
      },
      "flights": [
        {
          "flightNo": "AI-2355",
          "origin": "Delhi",
          "destination": "Bangkok",
          "departureDate": "2025-06-15",
          "departureTime": "08:25",
          "arrivalDate": "2025-06-15",
          "arrivalTime": "14:15"
        },
        {
          "flightNo": "AI-2356",
          "origin": "Bangkok",
          "destination": "Delhi",
          "departureDate": "2025-06-18",
          "departureTime": "15:15",
          "arrivalDate": "2025-06-18",
          "arrivalTime": "18:15"
        }
      ]
    },
    "hotelDetails": [
      {
        "name": "Golden Beach Pattaya",
        "city": "Pattaya",
        "checkIn": "2025-06-15",
        "checkOut": "2025-06-17"
      },
      {
        "name": "Bangkok Palace Hotel",
        "city": "Bangkok",
        "checkIn": "2025-06-17",
        "checkOut": "2025-06-18"
      }
    ],
    "itinerary": [
      {
        "day": 1,
        "title": "Arrival in Bangkok – Transfer to Pattaya",
        "highlight": "Alcazar Show",
        "icon": "plane",
        "timeline": [
          {
            "time": "08:25",
            "activity": "Departure from Delhi (AI-2355)",
            "type": "flight"
          },
          {
            "time": "14:15",
            "activity": "Arrival at Bangkok Airport",
            "type": "arrival"
          },
          {
            "time": "15:00",
            "activity": "Meet representative & transfer to Pattaya",
            "type": "transport"
          },
          {
            "time": "17:00",
            "activity": "Lunch at local Indian restaurant",
            "type": "meal"
          },
          {
            "time": "19:00",
            "activity": "Hotel check-in and relax",
            "type": "hotel"
          },
          {
            "time": "20:30",
            "activity": "Alcazar Show - World-famous cabaret performance",
            "type": "entertainment"
          },
          {
            "time": "22:30",
            "activity": "Dinner at Indian restaurant",
            "type": "meal"
          },
          {
            "time": "23:30",
            "activity": "Overnight stay in Pattaya",
            "type": "rest"
          }
        ]
      },
      {
        "day": 2,
        "title": "Coral Island Tour",
        "highlight": "Speedboat Adventure with National Park Fee",
        "icon": "waves",
        "timeline": [
          {
            "time": "08:00",
            "activity": "Hearty breakfast at hotel",
            "type": "meal"
          },
          {
            "time": "09:30",
            "activity": "Depart for Coral Island Tour",
            "type": "transport"
          },
          {
            "time": "10:00",
            "activity": "Speedboat journey to Coral Island",
            "type": "transport"
          },
          {
            "time": "10:30",
            "activity": "Explore turquoise waters & beach activities",
            "type": "activity"
          },
          {
            "time": "11:00",
            "activity": "Water sports (optional) & sun bathing",
            "type": "activity"
          },
          {
            "time": "13:00",
            "activity": "Lunch served on island or local restaurant",
            "type": "meal"
          },
          {
            "time": "15:00",
            "activity": "Free time for relaxation & photography",
            "type": "leisure"
          },
          {
            "time": "16:30",
            "activity": "Return journey by speedboat",
            "type": "transport"
          },
          {
            "time": "17:30",
            "activity": "Back to hotel and unwind",
            "type": "hotel"
          },
          {
            "time": "19:30",
            "activity": "Dinner at Indian restaurant",
            "type": "meal"
          },
          {
            "time": "21:00",
            "activity": "Overnight stay in Pattaya",
            "type": "rest"
          }
        ]
      },
      {
        "day": 3,
        "title": "Pattaya to Bangkok",
        "highlight": "City & Temple Tour with Gems Gallery",
        "icon": "building",
        "timeline": [
          {
            "time": "08:00",
            "activity": "Breakfast and check-out from Pattaya hotel",
            "type": "meal"
          },
          {
            "time": "09:30",
            "activity": "Proceed to Bangkok",
            "type": "transport"
          },
          {
            "time": "11:00",
            "activity": "Visit renowned Gems Gallery",
            "type": "shopping"
          },
          {
            "time": "12:30",
            "activity": "Guided city tour begins",
            "type": "sightseeing"
          },
          {
            "time": "13:00",
            "activity": "Golden Buddha Temple visit",
            "type": "temple"
          },
          {
            "time": "13:30",
            "activity": "Lunch at Indian restaurant",
            "type": "meal"
          },
          {
            "time": "15:00",
            "activity": "Marble Temple tour",
            "type": "temple"
          },
          {
            "time": "16:30",
            "activity": "Check-in to Bangkok hotel",
            "type": "hotel"
          },
          {
            "time": "17:30",
            "activity": "Relax and freshen up",
            "type": "leisure"
          },
          {
            "time": "19:30",
            "activity": "Dinner at Indian restaurant",
            "type": "meal"
          },
          {
            "time": "21:00",
            "activity": "Overnight stay in Bangkok",
            "type": "rest"
          }
        ]
      },
      {
        "day": 4,
        "title": "Departure from Bangkok",
        "highlight": "Farewell & Shopping",
        "icon": "heart",
        "timeline": [
          {
            "time": "08:00",
            "activity": "Breakfast at hotel",
            "type": "meal"
          },
          {
            "time": "09:30",
            "activity": "Leisure time for relaxation",
            "type": "leisure"
          },
          {
            "time": "10:30",
            "activity": "Last-minute shopping (if time permits)",
            "type": "shopping"
          },
          {
            "time": "12:00",
            "activity": "Farewell lunch at Indian restaurant",
            "type": "meal"
          },
          {
            "time": "13:30",
            "activity": "Transfer to Bangkok Airport",
            "type": "transport"
          },
          {
            "time": "15:15",
            "activity": "Departure flight to Delhi (AI-2356)",
            "type": "flight"
          },
          {
            "time": "18:15",
            "activity": "Arrival in Delhi with unforgettable memories",
            "type": "arrival"
          }
        ]
      }
    ],
    "landPackageCost": "₹32,000",
    "inclusions": [
      "Hotel stay",
      "Daily breakfast",
      "Alcazar Show tickets",
      "Coral Island Tour",
      "City tour & temples",
      "All transfers"
    ],
    "exclusions": [
      "Visa Fee",
      "Personal expenses",
      "Travel Insurance",
      "Water sports at Coral Island"
    ],
    "notes": [
      "Please carry your passport.",
      "Itinerary may change due to local conditions."
    ],
    "termsAndConditions": [
      "Non-refundable after confirmation.",
      "Prices are subject to availability."
    ],
    "cancellationPolicy": [
      "50% cancellation charges before 7 days of departure.",
      "No refund within 7 days of departure."
    ],
    "bookingConditions": [
      "Passport required for booking.",
      "Full payment to be made before issuance of tickets."
    ],
    "additionalNotes": []
  }
}
2025-06-02 23:45:18 [[32minfo[39m]: 	Package created successfully
{
  "id": "683dea36ef497a01a34d275b"
}
2025-06-02 23:45:46 [[32minfo[39m]: 	Server running on port 5003
2025-06-02 23:45:46 [[32minfo[39m]: 	MongoDB URI: mongodb+srv://harshking48211:GfAifO2UwS2NgRa4@cluster0.biz9e9u.mongodb.net/?retryWrites=true&w=majority&appName=Cluster0
2025-06-02 23:45:47 [[32minfo[39m]: 	Server running on port 5003
2025-06-02 23:45:47 [[32minfo[39m]: 	MongoDB URI: mongodb+srv://harshking48211:GfAifO2UwS2NgRa4@cluster0.biz9e9u.mongodb.net/?retryWrites=true&w=majority&appName=Cluster0
2025-06-02 23:45:48 [[32minfo[39m]: 	Mongoose connected to DB
2025-06-02 23:45:48 [[32minfo[39m]: 	MongoDB Connected Successfully
2025-06-02 23:45:50 [[32minfo[39m]: 	Server running on port 5003
2025-06-02 23:45:50 [[32minfo[39m]: 	MongoDB URI: mongodb+srv://harshking48211:GfAifO2UwS2NgRa4@cluster0.biz9e9u.mongodb.net/?retryWrites=true&w=majority&appName=Cluster0
2025-06-02 23:45:50 [[32minfo[39m]: 	Server running on port 5003
2025-06-02 23:45:50 [[32minfo[39m]: 	MongoDB URI: mongodb+srv://harshking48211:GfAifO2UwS2NgRa4@cluster0.biz9e9u.mongodb.net/?retryWrites=true&w=majority&appName=Cluster0
2025-06-02 23:45:51 [[32minfo[39m]: 	Mongoose connected to DB
2025-06-02 23:45:51 [[32minfo[39m]: 	MongoDB Connected Successfully
2025-06-02 23:45:53 [[32minfo[39m]: 	Incoming Request: POST /api/packages
2025-06-02 23:45:53 [[32minfo[39m]: 	Package Route: POST /api/packages
2025-06-02 23:45:53 [[32minfo[39m]: 	Creating new package
{
  "body": {
    "title": "Thailand Tour Package",
    "tagline": "Bangkok & Pattaya Highlights",
    "duration": "4 Days / 3 Nights",
    "noOfAdults": 2,
    "travelDate": "2025-06-15",
    "flightDetails": {
      "airline": "Air India",
      "farePerPerson": "₹26,500",
      "baggage": {
        "checkIn": "20kg",
        "hand": "7kg"
      },
      "flights": [
        {
          "flightNo": "AI-2355",
          "origin": "Delhi",
          "destination": "Bangkok",
          "departureDate": "2025-06-15",
          "departureTime": "08:25",
          "arrivalDate": "2025-06-15",
          "arrivalTime": "14:15"
        },
        {
          "flightNo": "AI-2356",
          "origin": "Bangkok",
          "destination": "Delhi",
          "departureDate": "2025-06-18",
          "departureTime": "15:15",
          "arrivalDate": "2025-06-18",
          "arrivalTime": "18:15"
        }
      ]
    },
    "hotelDetails": [
      {
        "name": "Golden Beach Pattaya",
        "city": "Pattaya",
        "checkIn": "2025-06-15",
        "checkOut": "2025-06-17"
      },
      {
        "name": "Bangkok Palace Hotel",
        "city": "Bangkok",
        "checkIn": "2025-06-17",
        "checkOut": "2025-06-18"
      }
    ],
    "itinerary": [
      {
        "day": 1,
        "title": "Arrival in Bangkok – Transfer to Pattaya",
        "highlight": "Alcazar Show",
        "icon": "plane",
        "timeline": [
          {
            "time": "08:25",
            "activity": "Departure from Delhi (AI-2355)",
            "type": "flight"
          },
          {
            "time": "14:15",
            "activity": "Arrival at Bangkok Airport",
            "type": "arrival"
          },
          {
            "time": "15:00",
            "activity": "Meet representative & transfer to Pattaya",
            "type": "transport"
          },
          {
            "time": "17:00",
            "activity": "Lunch at local Indian restaurant",
            "type": "meal"
          },
          {
            "time": "19:00",
            "activity": "Hotel check-in and relax",
            "type": "hotel"
          },
          {
            "time": "20:30",
            "activity": "Alcazar Show - World-famous cabaret performance",
            "type": "entertainment"
          },
          {
            "time": "22:30",
            "activity": "Dinner at Indian restaurant",
            "type": "meal"
          },
          {
            "time": "23:30",
            "activity": "Overnight stay in Pattaya",
            "type": "rest"
          }
        ]
      },
      {
        "day": 2,
        "title": "Coral Island Tour",
        "highlight": "Speedboat Adventure with National Park Fee",
        "icon": "waves",
        "timeline": [
          {
            "time": "08:00",
            "activity": "Hearty breakfast at hotel",
            "type": "meal"
          },
          {
            "time": "09:30",
            "activity": "Depart for Coral Island Tour",
            "type": "transport"
          },
          {
            "time": "10:00",
            "activity": "Speedboat journey to Coral Island",
            "type": "transport"
          },
          {
            "time": "10:30",
            "activity": "Explore turquoise waters & beach activities",
            "type": "activity"
          },
          {
            "time": "11:00",
            "activity": "Water sports (optional) & sun bathing",
            "type": "activity"
          },
          {
            "time": "13:00",
            "activity": "Lunch served on island or local restaurant",
            "type": "meal"
          },
          {
            "time": "15:00",
            "activity": "Free time for relaxation & photography",
            "type": "leisure"
          },
          {
            "time": "16:30",
            "activity": "Return journey by speedboat",
            "type": "transport"
          },
          {
            "time": "17:30",
            "activity": "Back to hotel and unwind",
            "type": "hotel"
          },
          {
            "time": "19:30",
            "activity": "Dinner at Indian restaurant",
            "type": "meal"
          },
          {
            "time": "21:00",
            "activity": "Overnight stay in Pattaya",
            "type": "rest"
          }
        ]
      },
      {
        "day": 3,
        "title": "Pattaya to Bangkok",
        "highlight": "City & Temple Tour with Gems Gallery",
        "icon": "building",
        "timeline": [
          {
            "time": "08:00",
            "activity": "Breakfast and check-out from Pattaya hotel",
            "type": "meal"
          },
          {
            "time": "09:30",
            "activity": "Proceed to Bangkok",
            "type": "transport"
          },
          {
            "time": "11:00",
            "activity": "Visit renowned Gems Gallery",
            "type": "shopping"
          },
          {
            "time": "12:30",
            "activity": "Guided city tour begins",
            "type": "sightseeing"
          },
          {
            "time": "13:00",
            "activity": "Golden Buddha Temple visit",
            "type": "temple"
          },
          {
            "time": "13:30",
            "activity": "Lunch at Indian restaurant",
            "type": "meal"
          },
          {
            "time": "15:00",
            "activity": "Marble Temple tour",
            "type": "temple"
          },
          {
            "time": "16:30",
            "activity": "Check-in to Bangkok hotel",
            "type": "hotel"
          },
          {
            "time": "17:30",
            "activity": "Relax and freshen up",
            "type": "leisure"
          },
          {
            "time": "19:30",
            "activity": "Dinner at Indian restaurant",
            "type": "meal"
          },
          {
            "time": "21:00",
            "activity": "Overnight stay in Bangkok",
            "type": "rest"
          }
        ]
      },
      {
        "day": 4,
        "title": "Departure from Bangkok",
        "highlight": "Farewell & Shopping",
        "icon": "heart",
        "timeline": [
          {
            "time": "08:00",
            "activity": "Breakfast at hotel",
            "type": "meal"
          },
          {
            "time": "09:30",
            "activity": "Leisure time for relaxation",
            "type": "leisure"
          },
          {
            "time": "10:30",
            "activity": "Last-minute shopping (if time permits)",
            "type": "shopping"
          },
          {
            "time": "12:00",
            "activity": "Farewell lunch at Indian restaurant",
            "type": "meal"
          },
          {
            "time": "13:30",
            "activity": "Transfer to Bangkok Airport",
            "type": "transport"
          },
          {
            "time": "15:15",
            "activity": "Departure flight to Delhi (AI-2356)",
            "type": "flight"
          },
          {
            "time": "18:15",
            "activity": "Arrival in Delhi with unforgettable memories",
            "type": "arrival"
          }
        ]
      }
    ],
    "landPackageCost": "₹32,000",
    "inclusions": [
      "Hotel stay",
      "Daily breakfast",
      "Alcazar Show tickets",
      "Coral Island Tour",
      "City tour & temples",
      "All transfers"
    ],
    "exclusions": [
      "Visa Fee",
      "Personal expenses",
      "Travel Insurance",
      "Water sports at Coral Island"
    ],
    "notes": [
      "Please carry your passport.",
      "Itinerary may change due to local conditions."
    ],
    "termsAndConditions": [
      "Non-refundable after confirmation.",
      "Prices are subject to availability."
    ],
    "cancellationPolicy": [
      "50% cancellation charges before 7 days of departure.",
      "No refund within 7 days of departure."
    ],
    "bookingConditions": [
      "Passport required for booking.",
      "Full payment to be made before issuance of tickets."
    ],
    "additionalNotes": []
  }
}
2025-06-02 23:45:53 [[32minfo[39m]: 	Package created successfully
{
  "id": "683dea596f926b791c084297"
}
2025-06-02 23:46:01 [[32minfo[39m]: 	Incoming Request: GET /api/packages
2025-06-02 23:46:01 [[32minfo[39m]: 	Package Route: GET /api/packages
2025-06-02 23:46:02 [[32minfo[39m]: 	Fetched 3 packages
2025-06-02 23:47:05 [[32minfo[39m]: 	Incoming Request: GET /api/packages/683dea596f926b791c084297
2025-06-02 23:47:05 [[32minfo[39m]: 	Package Route: GET /api/packages/683dea596f926b791c084297
2025-06-02 23:48:52 [[32minfo[39m]: 	Incoming Request: GET /api/packages/683dea596f926b791c084297
2025-06-02 23:48:52 [[32minfo[39m]: 	Package Route: GET /api/packages/683dea596f926b791c084297
2025-06-02 23:55:14 [[32minfo[39m]: 	Incoming Request: GET /api/packages/683dea596f926b791c084297
2025-06-02 23:55:14 [[32minfo[39m]: 	Package Route: GET /api/packages/683dea596f926b791c084297
2025-06-03 00:02:39 [[32minfo[39m]: 	Incoming Request: GET /api/packages/683dea596f926b791c084297
2025-06-03 00:02:39 [[32minfo[39m]: 	Package Route: GET /api/packages/683dea596f926b791c084297
2025-06-03 00:16:53 [[32minfo[39m]: 	Incoming Request: GET /api/packages/683dea596f926b791c084297
2025-06-03 00:16:53 [[32minfo[39m]: 	Package Route: GET /api/packages/683dea596f926b791c084297
2025-06-03 00:37:21 [[32minfo[39m]: 	Incoming Request: GET /api/packages/683dea596f926b791c084297
2025-06-03 00:37:21 [[32minfo[39m]: 	Package Route: GET /api/packages/683dea596f926b791c084297
2025-06-03 00:48:24 [[32minfo[39m]: 	Incoming Request: GET /api/packages/683dea596f926b791c084297
2025-06-03 00:48:24 [[32minfo[39m]: 	Package Route: GET /api/packages/683dea596f926b791c084297
2025-06-03 03:30:50 [[33mwarn[39m]: 	Mongoose disconnected from DB
2025-06-03 03:30:50 [[32minfo[39m]: 	Mongoose connected to DB
2025-06-03 03:47:06 [[33mwarn[39m]: 	Mongoose disconnected from DB
2025-06-03 03:47:06 [[32minfo[39m]: 	Mongoose connected to DB
2025-06-03 04:35:56 [[33mwarn[39m]: 	Mongoose disconnected from DB
2025-06-03 04:35:56 [[32minfo[39m]: 	Mongoose connected to DB
2025-06-03 05:31:36 [[33mwarn[39m]: 	Mongoose disconnected from DB
2025-06-03 05:31:36 [[32minfo[39m]: 	Mongoose connected to DB
2025-06-03 06:00:47 [[33mwarn[39m]: 	Mongoose disconnected from DB
2025-06-03 06:00:57 [[32minfo[39m]: 	Mongoose connected to DB
2025-06-03 06:16:57 [[33mwarn[39m]: 	Mongoose disconnected from DB
2025-06-03 06:16:57 [[32minfo[39m]: 	Mongoose connected to DB
2025-06-03 06:33:13 [[33mwarn[39m]: 	Mongoose disconnected from DB
2025-06-03 06:33:13 [[32minfo[39m]: 	Mongoose connected to DB
2025-06-03 06:49:30 [[33mwarn[39m]: 	Mongoose disconnected from DB
2025-06-03 06:49:30 [[32minfo[39m]: 	Mongoose connected to DB
2025-06-03 07:02:08 [[33mwarn[39m]: 	Mongoose disconnected from DB
2025-06-03 07:02:08 [[32minfo[39m]: 	Mongoose connected to DB
2025-06-03 07:18:03 [[33mwarn[39m]: 	Mongoose disconnected from DB
2025-06-03 07:18:03 [[32minfo[39m]: 	Mongoose connected to DB
2025-06-03 07:34:19 [[33mwarn[39m]: 	Mongoose disconnected from DB
2025-06-03 07:34:19 [[32minfo[39m]: 	Mongoose connected to DB
2025-06-03 07:50:32 [[33mwarn[39m]: 	Mongoose disconnected from DB
2025-06-03 07:50:32 [[32minfo[39m]: 	Mongoose connected to DB
2025-06-03 08:03:06 [[33mwarn[39m]: 	Mongoose disconnected from DB
2025-06-03 08:03:06 [[32minfo[39m]: 	Mongoose connected to DB
2025-06-03 08:35:32 [[33mwarn[39m]: 	Mongoose disconnected from DB
2025-06-03 08:35:32 [[32minfo[39m]: 	Mongoose connected to DB
2025-06-03 08:51:15 [[33mwarn[39m]: 	Mongoose disconnected from DB
2025-06-03 08:51:15 [[32minfo[39m]: 	Mongoose connected to DB
2025-06-03 09:36:38 [[33mwarn[39m]: 	Mongoose disconnected from DB
2025-06-03 09:36:38 [[32minfo[39m]: 	Mongoose connected to DB
2025-06-03 10:19:30 [[33mwarn[39m]: 	Mongoose disconnected from DB
2025-06-03 10:19:30 [[32minfo[39m]: 	Mongoose connected to DB
2025-06-03 10:35:47 [[33mwarn[39m]: 	Mongoose disconnected from DB
2025-06-03 10:35:47 [[32minfo[39m]: 	Mongoose connected to DB
2025-06-03 10:52:04 [[33mwarn[39m]: 	Mongoose disconnected from DB
2025-06-03 10:52:04 [[32minfo[39m]: 	Mongoose connected to DB
2025-06-03 11:06:12 [[33mwarn[39m]: 	Mongoose disconnected from DB
2025-06-03 11:06:12 [[32minfo[39m]: 	Mongoose connected to DB
2025-06-03 11:22:07 [[33mwarn[39m]: 	Mongoose disconnected from DB
2025-06-03 11:22:08 [[32minfo[39m]: 	Mongoose connected to DB
2025-06-03 11:38:24 [[33mwarn[39m]: 	Mongoose disconnected from DB
2025-06-03 11:38:24 [[32minfo[39m]: 	Mongoose connected to DB
2025-06-03 11:50:03 [[33mwarn[39m]: 	Mongoose disconnected from DB
2025-06-03 11:50:04 [[32minfo[39m]: 	Mongoose connected to DB
2025-06-03 12:07:20 [[33mwarn[39m]: 	Mongoose disconnected from DB
2025-06-03 12:07:20 [[32minfo[39m]: 	Mongoose connected to DB
2025-06-03 12:23:37 [[33mwarn[39m]: 	Mongoose disconnected from DB
2025-06-03 12:23:37 [[32minfo[39m]: 	Mongoose connected to DB
2025-06-03 12:39:32 [[33mwarn[39m]: 	Mongoose disconnected from DB
2025-06-03 12:39:32 [[32minfo[39m]: 	Mongoose connected to DB
2025-06-03 12:55:37 [[33mwarn[39m]: 	Mongoose disconnected from DB
2025-06-03 12:55:37 [[32minfo[39m]: 	Mongoose connected to DB
2025-06-03 13:17:22 [[33mwarn[39m]: 	Mongoose disconnected from DB
2025-06-03 13:17:22 [[32minfo[39m]: 	Mongoose connected to DB
2025-06-03 14:37:06 [[33mwarn[39m]: 	Mongoose disconnected from DB
2025-06-03 14:37:06 [[32minfo[39m]: 	Mongoose connected to DB
2025-06-03 14:54:56 [[32minfo[39m]: 	Incoming Request: GET /api/packages/683dea596f926b791c084297
2025-06-03 14:54:56 [[32minfo[39m]: 	Package Route: GET /api/packages/683dea596f926b791c084297
2025-06-03 15:22:16 [[32minfo[39m]: 	Incoming Request: GET /api/packages/683dea596f926b791c084297
2025-06-03 15:22:16 [[32minfo[39m]: 	Package Route: GET /api/packages/683dea596f926b791c084297
2025-06-03 15:25:13 [[32minfo[39m]: 	Incoming Request: GET /api/packages/683dea596f926b791c084297
2025-06-03 15:25:13 [[32minfo[39m]: 	Package Route: GET /api/packages/683dea596f926b791c084297
2025-06-03 15:25:13 [[32minfo[39m]: 	Incoming Request: GET /favicon.ico
2025-06-03 15:26:28 [[32minfo[39m]: 	Incoming Request: GET /api/packages/683dea596f926b791c084297
2025-06-03 15:26:28 [[32minfo[39m]: 	Package Route: GET /api/packages/683dea596f926b791c084297
2025-06-03 15:27:21 [[32minfo[39m]: 	Incoming Request: GET /api/packages/683dea596f926b791c084297
2025-06-03 15:27:21 [[32minfo[39m]: 	Package Route: GET /api/packages/683dea596f926b791c084297
2025-06-03 15:28:10 [[32minfo[39m]: 	Incoming Request: GET /api/packages/683dea596f926b791c084297
2025-06-03 15:28:10 [[32minfo[39m]: 	Package Route: GET /api/packages/683dea596f926b791c084297
2025-06-03 15:28:10 [[32minfo[39m]: 	Incoming Request: GET /favicon.ico
2025-06-03 15:29:50 [[32minfo[39m]: 	Incoming Request: GET /api/packages/683dea596f926b791c084297
2025-06-03 15:29:50 [[32minfo[39m]: 	Package Route: GET /api/packages/683dea596f926b791c084297
2025-06-03 15:30:22 [[32minfo[39m]: 	Incoming Request: GET /api/packages/683dea596f926b791c084297
2025-06-03 15:30:22 [[32minfo[39m]: 	Package Route: GET /api/packages/683dea596f926b791c084297
2025-06-03 15:41:05 [[32minfo[39m]: 	Incoming Request: GET /api/packages/683dea596f926b791c084297
2025-06-03 15:41:05 [[32minfo[39m]: 	Package Route: GET /api/packages/683dea596f926b791c084297
2025-06-03 15:41:13 [[32minfo[39m]: 	Incoming Request: GET /api/packages/683dea596f926b791c084297
2025-06-03 15:41:13 [[32minfo[39m]: 	Package Route: GET /api/packages/683dea596f926b791c084297
2025-06-03 15:51:06 [[32minfo[39m]: 	Incoming Request: GET /api/packages/683dea596f926b791c084297
2025-06-03 15:51:06 [[32minfo[39m]: 	Package Route: GET /api/packages/683dea596f926b791c084297
2025-06-03 16:06:56 [[32minfo[39m]: 	Incoming Request: GET /api/packages/683dea596f926b791c084297
2025-06-03 16:06:56 [[32minfo[39m]: 	Package Route: GET /api/packages/683dea596f926b791c084297
2025-06-03 16:06:57 [[32minfo[39m]: 	Incoming Request: GET /api/packages/683dea596f926b791c084297
2025-06-03 16:06:57 [[32minfo[39m]: 	Package Route: GET /api/packages/683dea596f926b791c084297
2025-06-03 16:06:57 [[32minfo[39m]: 	Incoming Request: GET /api/packages/683dea596f926b791c084297
2025-06-03 16:06:57 [[32minfo[39m]: 	Package Route: GET /api/packages/683dea596f926b791c084297
2025-06-03 16:13:29 [[32minfo[39m]: 	Incoming Request: GET /api/packages/683dea596f926b791c084297
2025-06-03 16:13:29 [[32minfo[39m]: 	Package Route: GET /api/packages/683dea596f926b791c084297
2025-06-03 16:14:31 [[32minfo[39m]: 	Incoming Request: GET /api/packages/683dea596f926b791c084297
2025-06-03 16:14:31 [[32minfo[39m]: 	Package Route: GET /api/packages/683dea596f926b791c084297
