2025-06-02 23:01:15 [[31merror[39m]: 	MongoDB Connection Error: Could not connect to any servers in your MongoDB Atlas cluster. One common reason is that you're trying to access the database from an IP that isn't whitelisted. Make sure your current IP address is on your Atlas cluster's IP whitelist: https://www.mongodb.com/docs/atlas/security-whitelist/
2025-06-02 23:01:58 [[31merror[39m]: 	Error fetching contacts
{
  "error": "Operation `contacts.find()` buffering timed out after 10000ms"
}
2025-06-02 23:02:01 [[31merror[39m]: 	Error creating contact
{
  "error": "Contact validation failed: mobile: Please provide a valid 10-digit mobile number"
}
2025-06-02 23:02:02 [[31merror[39m]: 	Error creating contact
{
  "error": "Contact validation failed: mobile: Please provide a valid 10-digit mobile number"
}
2025-06-02 23:02:04 [[31merror[39m]: 	MongoDB Connection Error: Could not connect to any servers in your MongoDB Atlas cluster. One common reason is that you're trying to access the database from an IP that isn't whitelisted. Make sure your current IP address is on your Atlas cluster's IP whitelist: https://www.mongodb.com/docs/atlas/security-whitelist/
2025-06-12 23:17:44 [[31merror[39m]: 	Error creating package
{
  "error": "Package validation failed: itinerary.5.timeline.0.type: `departure` is not a valid enum value for path `type`."
}
2025-06-12 23:23:42 [[31merror[39m]: 	Error creating package
{
  "error": "Package validation failed: itinerary.5.timeline.0.type: `departure` is not a valid enum value for path `type`."
}
2025-06-12 23:23:43 [[31merror[39m]: 	Error creating package
{
  "error": "Package validation failed: itinerary.5.timeline.0.type: `departure` is not a valid enum value for path `type`."
}
2025-06-12 23:23:44 [[31merror[39m]: 	Error creating package
{
  "error": "Package validation failed: itinerary.5.timeline.0.type: `departure` is not a valid enum value for path `type`."
}
2025-06-12 23:23:44 [[31merror[39m]: 	Error creating package
{
  "error": "Package validation failed: itinerary.5.timeline.0.type: `departure` is not a valid enum value for path `type`."
}
2025-06-12 23:23:44 [[31merror[39m]: 	Error creating package
{
  "error": "Package validation failed: itinerary.5.timeline.0.type: `departure` is not a valid enum value for path `type`."
}
2025-06-12 23:23:45 [[31merror[39m]: 	Error creating package
{
  "error": "Package validation failed: itinerary.5.timeline.0.type: `departure` is not a valid enum value for path `type`."
}
2025-06-12 23:23:45 [[31merror[39m]: 	Error creating package
{
  "error": "Package validation failed: itinerary.5.timeline.0.type: `departure` is not a valid enum value for path `type`."
}
2025-06-12 23:23:45 [[31merror[39m]: 	Error creating package
{
  "error": "Package validation failed: itinerary.5.timeline.0.type: `departure` is not a valid enum value for path `type`."
}
2025-06-12 23:23:45 [[31merror[39m]: 	Error creating package
{
  "error": "Package validation failed: itinerary.5.timeline.0.type: `departure` is not a valid enum value for path `type`."
}
2025-06-12 23:23:45 [[31merror[39m]: 	Error creating package
{
  "error": "Package validation failed: itinerary.5.timeline.0.type: `departure` is not a valid enum value for path `type`."
}
2025-06-12 23:32:44 [[31merror[39m]: 	❌ Error: Unexpected token 'B', "Bali
Tropi"... is not valid JSON
2025-06-13 01:33:14 [[31merror[39m]: 	❌ Error: Expected double-quoted property name in JSON at position 122 (line 7 column 1)
2025-06-13 01:55:14 [[31merror[39m]: 	Error searching packages by name
{
  "error": "$regex has to be a string"
}
2025-06-13 01:55:15 [[31merror[39m]: 	Error searching packages by name
{
  "error": "$regex has to be a string"
}
